0 info it worked if it ends with ok
1 verbose cli [ '/usr/local/Cellar/node/5.9.1/bin/node',
1 verbose cli   '/usr/local/bin/npm',
1 verbose cli   'run',
1 verbose cli   'ssh' ]
2 info using npm@3.7.3
3 info using node@v5.9.1
4 verbose run-script [ 'pressh', 'ssh', 'postssh' ]
5 info lifecycle mapping-the-spirit@1.0.0~pressh: mapping-the-spirit@1.0.0
6 silly lifecycle mapping-the-spirit@1.0.0~pressh: no script for pressh, continuing
7 info lifecycle mapping-the-spirit@1.0.0~ssh: mapping-the-spirit@1.0.0
8 verbose lifecycle mapping-the-spirit@1.0.0~ssh: unsafe-perm in lifecycle true
9 verbose lifecycle mapping-the-spirit@1.0.0~ssh: PATH: /usr/local/lib/node_modules/npm/bin/node-gyp-bin:/Users/coreytegeler/Sites/mapping-the-spirit/mappingthespirit.org/node_modules/.bin:/usr/local/Cellar/node/5.9.1/bin:/opt/local/bin:/opt/local/sbin:/usr/local/bin:/usr/local/share/npm/bin:/usr/local/bin:/usr/local/heroku/bin:/usr/local/git/bin:/usr/local/bin:/usr/bin:/bin:/usr/sbin:~/src/stagecoach/bin:/usr/local/MacGPG2/bin:/usr/local/mysql/bin:/User/coreytegeler/src/stagecoach/bin
10 verbose lifecycle mapping-the-spirit@1.0.0~ssh: CWD: /Users/coreytegeler/Sites/mapping-the-spirit/mappingthespirit.org
11 silly lifecycle mapping-the-spirit@1.0.0~ssh: Args: [ '-c', 'ssh root@162.243.9.116' ]
12 info lifecycle mapping-the-spirit@1.0.0~ssh: Failed to exec ssh script
13 verbose stack Error: mapping-the-spirit@1.0.0 ssh: `ssh root@162.243.9.116`
13 verbose stack spawn ENOENT
13 verbose stack     at ChildProcess.<anonymous> (/usr/local/lib/node_modules/npm/lib/utils/spawn.js:17:16)
13 verbose stack     at emitTwo (events.js:100:13)
13 verbose stack     at ChildProcess.emit (events.js:185:7)
13 verbose stack     at maybeClose (internal/child_process.js:850:16)
13 verbose stack     at Process.ChildProcess._handle.onexit (internal/child_process.js:215:5)
14 verbose pkgid mapping-the-spirit@1.0.0
15 verbose cwd /Users/coreytegeler/Sites/mapping-the-spirit/mappingthespirit.org
16 error Darwin 15.6.0
17 error argv "/usr/local/Cellar/node/5.9.1/bin/node" "/usr/local/bin/npm" "run" "ssh"
18 error node v5.9.1
19 error npm  v3.7.3
20 error file sh
21 error code ELIFECYCLE
22 error errno ENOENT
23 error syscall spawn
24 error mapping-the-spirit@1.0.0 ssh: `ssh root@162.243.9.116`
24 error spawn ENOENT
25 error Failed at the mapping-the-spirit@1.0.0 ssh script 'ssh root@162.243.9.116'.
25 error Make sure you have the latest version of node.js and npm installed.
25 error If you do, this is most likely a problem with the mapping-the-spirit package,
25 error not with npm itself.
25 error Tell the author that this fails on your system:
25 error     ssh root@162.243.9.116
25 error You can get information on how to open an issue for this project with:
25 error     npm bugs mapping-the-spirit
25 error Or if that isn't available, you can get their info via:
25 error     npm owner ls mapping-the-spirit
25 error There is likely additional logging output above.
26 verbose exit [ 1, true ]
